\BOOKMARK [0][-]{chapter.1}{Introducci\363n}{}% 1
\BOOKMARK [1][-]{section.1.1}{Marco tem\341tico: esculturas cin\351ticas}{chapter.1}% 2
\BOOKMARK [2][-]{subsection.1.1.1}{Definici\363n}{section.1.1}% 3
\BOOKMARK [2][-]{subsection.1.1.2}{Aplicaciones y estado actual del arte}{section.1.1}% 4
\BOOKMARK [1][-]{section.1.2}{DMX}{chapter.1}% 5
\BOOKMARK [2][-]{subsection.1.2.1}{definici\363n}{section.1.2}% 6
\BOOKMARK [2][-]{subsection.1.2.2}{Capa f\355sica}{section.1.2}% 7
\BOOKMARK [2][-]{subsection.1.2.3}{Capa de enlace de datos}{section.1.2}% 8
\BOOKMARK [2][-]{subsection.1.2.4}{Equipos que implementan DMX}{section.1.2}% 9
\BOOKMARK [1][-]{section.1.3}{Updown}{chapter.1}% 10
\BOOKMARK [2][-]{subsection.1.3.1}{Definici\363n}{section.1.3}% 11
\BOOKMARK [2][-]{subsection.1.3.2}{Blackout}{section.1.3}% 12
\BOOKMARK [2][-]{subsection.1.3.3}{Productos que compiten en el mercado}{section.1.3}% 13
\BOOKMARK [1][-]{section.1.4}{Justificaci\363n del proyecto}{chapter.1}% 14
\BOOKMARK [0][-]{chapter.2}{Dise\361o}{}% 15
\BOOKMARK [1][-]{section.2.1}{d1}{chapter.2}% 16
\BOOKMARK [2][-]{subsection.2.1.1}{d11}{section.2.1}% 17
\BOOKMARK [2][-]{subsection.2.1.2}{d12}{section.2.1}% 18
\BOOKMARK [0][-]{chapter.3}{Desarrollo}{}% 19
\BOOKMARK [1][-]{section.3.1}{d1}{chapter.3}% 20
\BOOKMARK [2][-]{subsection.3.1.1}{d11}{section.3.1}% 21
\BOOKMARK [2][-]{subsection.3.1.2}{d12}{section.3.1}% 22
\BOOKMARK [0][-]{chapter.4}{Implementaci\363n}{}% 23
\BOOKMARK [1][-]{section.4.1}{i1}{chapter.4}% 24
\BOOKMARK [2][-]{subsection.4.1.1}{i11}{section.4.1}% 25
\BOOKMARK [2][-]{subsection.4.1.2}{i12}{section.4.1}% 26
\BOOKMARK [0][-]{chapter.5}{Conclusiones}{}% 27
\BOOKMARK [1][-]{section.5.1}{c1}{chapter.5}% 28
